<?xml version="1.0" encoding="UTF-8"?>
<!-- Generated by org.testng.reporters.JUnitReportReporter -->
<testsuite hostname="AymanHussein" failures="0" tests="1" name="test.AddCustomerTest" time="16.439" errors="0" timestamp="2024-04-14T23:54:46 CDT" skipped="0">
  <testcase classname="test.AddCustomerTest" name="UserShouldBeAbleToAddCustomer" time="16.439"/>
</testsuite> <!-- test.AddCustomerTest -->
