<?xml version="1.0" encoding="UTF-8"?>
<!-- Generated by org.testng.reporters.JUnitReportReporter -->
<testsuite hostname="AymanHussein" failures="0" tests="2" name="test.LoginTest" time="18.973" errors="0" timestamp="2024-04-14T22:41:52 CDT" skipped="0">
  <testcase classname="test.LoginTest" name="validUserShouldBeAbleToLogin" time="14.651"/>
  <testcase classname="test.LoginTest" name="validateAlertMsg" time="4.322"/>
</testsuite> <!-- test.LoginTest -->
